2020-05-05 22:07:21 INFO  EmployeeRestApi:31 -****************Started TC003_POST_EMPLOYEE_RECORD******************
2020-05-05 22:07:31 INFO  EmployeeRestApi:122 -***********************Finished TC003_POST_EMPLOYEE_RECORD*************************
2020-05-05 22:13:47 INFO  EmployeeRestApi:31 -****************Started TC003_POST_EMPLOYEE_RECORD******************
2020-05-05 22:13:57 INFO  EmployeeRestApi:122 -***********************Finished TC003_POST_EMPLOYEE_RECORD*************************
2020-05-05 22:17:23 INFO  EmployeeRestApi:31 -****************Started TC003_POST_EMPLOYEE_RECORD******************
2020-05-05 22:17:32 INFO  EmployeeRestApi:122 -***********************Finished TC003_POST_EMPLOYEE_RECORD*************************
2020-05-05 22:30:47 INFO  EmployeeRestApi:31 -****************Started TC003_POST_EMPLOYEE_RECORD******************
2020-05-05 22:30:56 INFO  EmployeeRestApi:123 -***********************Finished TC003_POST_EMPLOYEE_RECORD*************************
2020-05-05 22:41:41 INFO  EmployeeRestApi:31 -****************Started TC003_PUT_EMPLOYEE_RECORD******************
2020-05-05 22:41:52 INFO  EmployeeRestApi:123 -***********************Finished TC003_POST_EMPLOYEE_RECORD*************************
2020-05-05 22:46:42 INFO  EmployeeRestApi:31 -****************Started TC003_PUT_EMPLOYEE_RECORD******************
2020-05-05 22:46:51 INFO  EmployeeRestApi:123 -***********************Finished TC003_POST_EMPLOYEE_RECORD*************************
2020-05-05 22:52:20 INFO  EmployeeRestApi:31 -****************Started TC003_PUT_EMPLOYEE_RECORD******************
2020-05-05 22:52:29 INFO  EmployeeRestApi:123 -***********************Finished TC003_POST_EMPLOYEE_RECORD*************************
2020-05-06 00:15:37 INFO  EmployeesRestApiTest:20 -********************* Started TC001_GET_All_EMPLOYEEE*************************
2020-05-06 00:15:41 INFO  EmployeesRestApiTest:86 -*********************Checking ContentType*************************
2020-05-06 00:15:41 INFO  EmployeesRestApiTest:88 -Content Type is ==>application/json;charset=utf-8
2020-05-06 00:15:42 INFO  EmployeesRestApiTest:142 -*********************Checking Cookies*************************
2020-05-06 00:15:42 INFO  EmployeesRestApiTest:33 -*********************Checking Respone Body*************************
2020-05-06 00:15:42 INFO  EmployeesRestApiTest:35 -Response Body==>{"status":"success","data":[{"id":"1","employee_name":"Tiger Nixon","employee_salary":"320800","employee_age":"61","profile_image":""},{"id":"2","employee_name":"Garrett Winters","employee_salary":"170750","employee_age":"63","profile_image":""},{"id":"3","employee_name":"Ashton Cox","employee_salary":"86000","employee_age":"66","profile_image":""},{"id":"4","employee_name":"Cedric Kelly","employee_salary":"433060","employee_age":"22","profile_image":""},{"id":"5","employee_name":"Airi Satou","employee_salary":"162700","employee_age":"33","profile_image":""},{"id":"6","employee_name":"Brielle Williamson","employee_salary":"372000","employee_age":"61","profile_image":""},{"id":"7","employee_name":"Herrod Chandler","employee_salary":"137500","employee_age":"59","profile_image":""},{"id":"8","employee_name":"Rhona Davidson","employee_salary":"327900","employee_age":"55","profile_image":""},{"id":"9","employee_name":"Colleen Hurst","employee_salary":"205500","employee_age":"39","profile_image":""},{"id":"10","employee_name":"Sonya Frost","employee_salary":"103600","employee_age":"23","profile_image":""},{"id":"11","employee_name":"Jena Gaines","employee_salary":"90560","employee_age":"30","profile_image":""},{"id":"12","employee_name":"Quinn Flynn","employee_salary":"342000","employee_age":"22","profile_image":""},{"id":"13","employee_name":"Charde Marshall","employee_salary":"470600","employee_age":"36","profile_image":""},{"id":"14","employee_name":"Haley Kennedy","employee_salary":"313500","employee_age":"43","profile_image":""},{"id":"15","employee_name":"Tatyana Fitzpatrick","employee_salary":"385750","employee_age":"19","profile_image":""},{"id":"16","employee_name":"Michael Silva","employee_salary":"198500","employee_age":"66","profile_image":""},{"id":"17","employee_name":"Paul Byrd","employee_salary":"725000","employee_age":"64","profile_image":""},{"id":"18","employee_name":"Gloria Little","employee_salary":"237500","employee_age":"59","profile_image":""},{"id":"19","employee_name":"Bradley Greer","employee_salary":"132000","employee_age":"41","profile_image":""},{"id":"20","employee_name":"Dai Rios","employee_salary":"217500","employee_age":"35","profile_image":""},{"id":"21","employee_name":"Jenette Caldwell","employee_salary":"345000","employee_age":"30","profile_image":""},{"id":"22","employee_name":"Yuri Berry","employee_salary":"675000","employee_age":"40","profile_image":""},{"id":"23","employee_name":"Caesar Vance","employee_salary":"106450","employee_age":"21","profile_image":""},{"id":"24","employee_name":"Doris Wilder","employee_salary":"85600","employee_age":"23","profile_image":""}]}
2020-05-06 00:15:42 INFO  EmployeesRestApiTest:58 -*********************Checking Respone Time*************************
2020-05-06 00:15:42 INFO  EmployeesRestApiTest:60 -Response Time is==>2210
2020-05-06 00:15:42 WARN  EmployeesRestApiTest:64 -Response Time is greater than 2000
2020-05-06 00:15:42 INFO  EmployeesRestApiTest:98 -*********************Checking Server Type*************************
2020-05-06 00:15:42 INFO  EmployeesRestApiTest:100 -Server Type is ==>nginx/1.16.0
2020-05-06 00:15:42 INFO  EmployeesRestApiTest:45 -*********************Checking Respone Code*************************
2020-05-06 00:15:42 INFO  EmployeesRestApiTest:47 -Status Code is==>200
2020-05-06 00:15:42 INFO  EmployeesRestApiTest:110 -*********************Checking Content Encoding*************************
2020-05-06 00:15:42 INFO  EmployeesRestApiTest:112 -Content-Encoding==>gzip
2020-05-06 00:15:42 INFO  EmployeesRestApiTest:123 -*********************Checking Content Lenghth*************************
2020-05-06 00:15:42 INFO  EmployeesRestApiTest:125 -Content-Lenghth==>null
2020-05-06 00:15:42 INFO  EmployeesRestApiTest:73 -*********************Checking Status Line*************************
2020-05-06 00:15:42 INFO  EmployeesRestApiTest:75 -Status Line is ==>HTTP/1.1 200 OK
2020-05-06 00:15:42 INFO  EmployeesRestApiTest:152 -*********************Finished TC001_GET_All_EMPLOYEEE*************************
2020-05-06 00:15:42 INFO  EmployeesRestApiTest:26 -********************* Started TC002_GET_Single_EMPLOYEEE*************************
2020-05-06 00:15:43 INFO  EmployeesRestApiTest:129 -*********************Finished TC002_GET_SINGEL_EMPLOYEE*************************
2020-05-06 00:15:43 INFO  EmployeesRestApiTest:31 -****************Started TC003_POST_EMPLOYEE_RECORD******************
2020-05-06 00:15:49 INFO  EmployeesRestApiTest:123 -***********************Finished TC003_POST_EMPLOYEE_RECORD*************************
2020-05-06 00:15:49 INFO  EmployeesRestApiTest:31 -****************Started TC004_PUT_EMPLOYEE_RECORD******************
2020-05-06 00:15:55 INFO  EmployeesRestApiTest:123 -***********************Finished TC003_POST_EMPLOYEE_RECORD*************************
2020-05-06 00:15:55 INFO  EmployeesRestApiTest:32 -****************Started TC005_DELETE_EMPLOYEE_RECORD******************
2020-05-06 00:15:58 INFO  EmployeesRestApiTest:121 -***********************Finished TC003_POST_EMPLOYEE_RECORD*************************
2020-05-06 00:59:21 INFO  EmployeesRestApiTest:20 -********************* Started TC001_GET_All_EMPLOYEEE*************************
2020-05-06 00:59:25 INFO  EmployeesRestApiTest:86 -*********************Checking ContentType*************************
2020-05-06 00:59:25 INFO  EmployeesRestApiTest:88 -Content Type is ==>application/json;charset=utf-8
2020-05-06 00:59:25 INFO  EmployeesRestApiTest:142 -*********************Checking Cookies*************************
2020-05-06 00:59:25 INFO  EmployeesRestApiTest:33 -*********************Checking Respone Body*************************
2020-05-06 00:59:26 INFO  EmployeesRestApiTest:35 -Response Body==>{"status":"success","data":[{"id":"1","employee_name":"Tiger Nixon","employee_salary":"320800","employee_age":"61","profile_image":""},{"id":"2","employee_name":"Garrett Winters","employee_salary":"170750","employee_age":"63","profile_image":""},{"id":"3","employee_name":"Ashton Cox","employee_salary":"86000","employee_age":"66","profile_image":""},{"id":"4","employee_name":"Cedric Kelly","employee_salary":"433060","employee_age":"22","profile_image":""},{"id":"5","employee_name":"Airi Satou","employee_salary":"162700","employee_age":"33","profile_image":""},{"id":"6","employee_name":"Brielle Williamson","employee_salary":"372000","employee_age":"61","profile_image":""},{"id":"7","employee_name":"Herrod Chandler","employee_salary":"137500","employee_age":"59","profile_image":""},{"id":"8","employee_name":"Rhona Davidson","employee_salary":"327900","employee_age":"55","profile_image":""},{"id":"9","employee_name":"Colleen Hurst","employee_salary":"205500","employee_age":"39","profile_image":""},{"id":"10","employee_name":"Sonya Frost","employee_salary":"103600","employee_age":"23","profile_image":""},{"id":"11","employee_name":"Jena Gaines","employee_salary":"90560","employee_age":"30","profile_image":""},{"id":"12","employee_name":"Quinn Flynn","employee_salary":"342000","employee_age":"22","profile_image":""},{"id":"13","employee_name":"Charde Marshall","employee_salary":"470600","employee_age":"36","profile_image":""},{"id":"14","employee_name":"Haley Kennedy","employee_salary":"313500","employee_age":"43","profile_image":""},{"id":"15","employee_name":"Tatyana Fitzpatrick","employee_salary":"385750","employee_age":"19","profile_image":""},{"id":"16","employee_name":"Michael Silva","employee_salary":"198500","employee_age":"66","profile_image":""},{"id":"17","employee_name":"Paul Byrd","employee_salary":"725000","employee_age":"64","profile_image":""},{"id":"18","employee_name":"Gloria Little","employee_salary":"237500","employee_age":"59","profile_image":""},{"id":"19","employee_name":"Bradley Greer","employee_salary":"132000","employee_age":"41","profile_image":""},{"id":"20","employee_name":"Dai Rios","employee_salary":"217500","employee_age":"35","profile_image":""},{"id":"21","employee_name":"Jenette Caldwell","employee_salary":"345000","employee_age":"30","profile_image":""},{"id":"22","employee_name":"Yuri Berry","employee_salary":"675000","employee_age":"40","profile_image":""},{"id":"23","employee_name":"Caesar Vance","employee_salary":"106450","employee_age":"21","profile_image":""},{"id":"24","employee_name":"Doris Wilder","employee_salary":"85600","employee_age":"23","profile_image":""}]}
2020-05-06 00:59:26 INFO  EmployeesRestApiTest:58 -*********************Checking Respone Time*************************
2020-05-06 00:59:26 INFO  EmployeesRestApiTest:60 -Response Time is==>2174
2020-05-06 00:59:26 WARN  EmployeesRestApiTest:64 -Response Time is greater than 2000
2020-05-06 00:59:26 INFO  EmployeesRestApiTest:98 -*********************Checking Server Type*************************
2020-05-06 00:59:26 INFO  EmployeesRestApiTest:100 -Server Type is ==>nginx/1.16.0
2020-05-06 00:59:26 INFO  EmployeesRestApiTest:45 -*********************Checking Respone Code*************************
2020-05-06 00:59:26 INFO  EmployeesRestApiTest:47 -Status Code is==>200
2020-05-06 00:59:26 INFO  EmployeesRestApiTest:110 -*********************Checking Content Encoding*************************
2020-05-06 00:59:26 INFO  EmployeesRestApiTest:112 -Content-Encoding==>gzip
2020-05-06 00:59:26 INFO  EmployeesRestApiTest:123 -*********************Checking Content Lenghth*************************
2020-05-06 00:59:26 INFO  EmployeesRestApiTest:125 -Content-Lenghth==>null
2020-05-06 00:59:26 INFO  EmployeesRestApiTest:73 -*********************Checking Status Line*************************
2020-05-06 00:59:26 INFO  EmployeesRestApiTest:75 -Status Line is ==>HTTP/1.1 200 OK
2020-05-06 00:59:26 INFO  EmployeesRestApiTest:152 -*********************Finished TC001_GET_All_EMPLOYEEE*************************
2020-05-06 00:59:26 INFO  EmployeesRestApiTest:26 -********************* Started TC002_GET_Single_EMPLOYEEE*************************
2020-05-06 00:59:27 INFO  EmployeesRestApiTest:129 -*********************Finished TC002_GET_SINGEL_EMPLOYEE*************************
2020-05-06 00:59:27 INFO  EmployeesRestApiTest:31 -****************Started TC003_POST_EMPLOYEE_RECORD******************
2020-05-06 00:59:33 INFO  EmployeesRestApiTest:123 -***********************Finished TC003_POST_EMPLOYEE_RECORD*************************
2020-05-06 00:59:33 INFO  EmployeesRestApiTest:31 -****************Started TC004_PUT_EMPLOYEE_RECORD******************
2020-05-06 00:59:39 INFO  EmployeesRestApiTest:123 -***********************Finished TC003_POST_EMPLOYEE_RECORD*************************
2020-05-06 00:59:39 INFO  EmployeesRestApiTest:32 -****************Started TC005_DELETE_EMPLOYEE_RECORD******************
2020-05-06 00:59:42 INFO  EmployeesRestApiTest:121 -***********************Finished TC003_POST_EMPLOYEE_RECORD*************************
2020-05-07 23:56:44 INFO  EmployeesRestApiTest:20 -********************* Started TC001_GET_All_EMPLOYEEE*************************
2020-05-07 23:56:47 INFO  EmployeesRestApiTest:86 -*********************Checking ContentType*************************
2020-05-07 23:56:47 INFO  EmployeesRestApiTest:88 -Content Type is ==>application/json;charset=utf-8
2020-05-07 23:56:47 INFO  EmployeesRestApiTest:142 -*********************Checking Cookies*************************
2020-05-07 23:56:47 INFO  EmployeesRestApiTest:33 -*********************Checking Respone Body*************************
2020-05-07 23:56:47 INFO  EmployeesRestApiTest:35 -Response Body==>{"status":"success","data":[{"id":"1","employee_name":"Tiger Nixon","employee_salary":"320800","employee_age":"61","profile_image":""},{"id":"2","employee_name":"Garrett Winters","employee_salary":"170750","employee_age":"63","profile_image":""},{"id":"3","employee_name":"Ashton Cox","employee_salary":"86000","employee_age":"66","profile_image":""},{"id":"4","employee_name":"Cedric Kelly","employee_salary":"433060","employee_age":"22","profile_image":""},{"id":"5","employee_name":"Airi Satou","employee_salary":"162700","employee_age":"33","profile_image":""},{"id":"6","employee_name":"Brielle Williamson","employee_salary":"372000","employee_age":"61","profile_image":""},{"id":"7","employee_name":"Herrod Chandler","employee_salary":"137500","employee_age":"59","profile_image":""},{"id":"8","employee_name":"Rhona Davidson","employee_salary":"327900","employee_age":"55","profile_image":""},{"id":"9","employee_name":"Colleen Hurst","employee_salary":"205500","employee_age":"39","profile_image":""},{"id":"10","employee_name":"Sonya Frost","employee_salary":"103600","employee_age":"23","profile_image":""},{"id":"11","employee_name":"Jena Gaines","employee_salary":"90560","employee_age":"30","profile_image":""},{"id":"12","employee_name":"Quinn Flynn","employee_salary":"342000","employee_age":"22","profile_image":""},{"id":"13","employee_name":"Charde Marshall","employee_salary":"470600","employee_age":"36","profile_image":""},{"id":"14","employee_name":"Haley Kennedy","employee_salary":"313500","employee_age":"43","profile_image":""},{"id":"15","employee_name":"Tatyana Fitzpatrick","employee_salary":"385750","employee_age":"19","profile_image":""},{"id":"16","employee_name":"Michael Silva","employee_salary":"198500","employee_age":"66","profile_image":""},{"id":"17","employee_name":"Paul Byrd","employee_salary":"725000","employee_age":"64","profile_image":""},{"id":"18","employee_name":"Gloria Little","employee_salary":"237500","employee_age":"59","profile_image":""},{"id":"19","employee_name":"Bradley Greer","employee_salary":"132000","employee_age":"41","profile_image":""},{"id":"20","employee_name":"Dai Rios","employee_salary":"217500","employee_age":"35","profile_image":""},{"id":"21","employee_name":"Jenette Caldwell","employee_salary":"345000","employee_age":"30","profile_image":""},{"id":"22","employee_name":"Yuri Berry","employee_salary":"675000","employee_age":"40","profile_image":""},{"id":"23","employee_name":"Caesar Vance","employee_salary":"106450","employee_age":"21","profile_image":""},{"id":"24","employee_name":"Doris Wilder","employee_salary":"85600","employee_age":"23","profile_image":""}]}
2020-05-07 23:56:47 INFO  EmployeesRestApiTest:58 -*********************Checking Respone Time*************************
2020-05-07 23:56:47 INFO  EmployeesRestApiTest:60 -Response Time is==>1813
2020-05-07 23:56:47 INFO  EmployeesRestApiTest:98 -*********************Checking Server Type*************************
2020-05-07 23:56:47 INFO  EmployeesRestApiTest:100 -Server Type is ==>nginx/1.16.0
2020-05-07 23:56:47 INFO  EmployeesRestApiTest:45 -*********************Checking Respone Code*************************
2020-05-07 23:56:47 INFO  EmployeesRestApiTest:47 -Status Code is==>200
2020-05-07 23:56:47 INFO  EmployeesRestApiTest:110 -*********************Checking Content Encoding*************************
2020-05-07 23:56:47 INFO  EmployeesRestApiTest:112 -Content-Encoding==>gzip
2020-05-07 23:56:47 INFO  EmployeesRestApiTest:123 -*********************Checking Content Lenghth*************************
2020-05-07 23:56:47 INFO  EmployeesRestApiTest:125 -Content-Lenghth==>null
2020-05-07 23:56:47 INFO  EmployeesRestApiTest:73 -*********************Checking Status Line*************************
2020-05-07 23:56:47 INFO  EmployeesRestApiTest:75 -Status Line is ==>HTTP/1.1 200 OK
2020-05-07 23:56:47 INFO  EmployeesRestApiTest:152 -*********************Finished TC001_GET_All_EMPLOYEEE*************************
2020-05-07 23:56:47 INFO  EmployeesRestApiTest:26 -********************* Started TC002_GET_Single_EMPLOYEEE*************************
2020-05-07 23:56:48 INFO  EmployeesRestApiTest:129 -*********************Finished TC002_GET_SINGEL_EMPLOYEE*************************
2020-05-07 23:56:48 INFO  EmployeesRestApiTest:31 -****************Started TC003_POST_EMPLOYEE_RECORD******************
2020-05-07 23:56:55 INFO  EmployeesRestApiTest:123 -***********************Finished TC003_POST_EMPLOYEE_RECORD*************************
2020-05-07 23:56:55 INFO  EmployeesRestApiTest:31 -****************Started TC004_PUT_EMPLOYEE_RECORD******************
2020-05-07 23:57:03 INFO  EmployeesRestApiTest:123 -***********************Finished TC003_POST_EMPLOYEE_RECORD*************************
2020-05-07 23:57:03 INFO  EmployeesRestApiTest:32 -****************Started TC005_DELETE_EMPLOYEE_RECORD******************
2020-05-07 23:57:06 INFO  EmployeesRestApiTest:121 -***********************Finished TC003_POST_EMPLOYEE_RECORD*************************
